<?xml version="1.0" encoding="UTF-8"?>
<testng-results skipped="0" failed="1" ignored="0" total="1" passed="0">
  <reporter-output>
  </reporter-output>
  <suite name="Default suite" duration-ms="12867" started-at="2023-01-09T11:00:07 IST" finished-at="2023-01-09T11:00:20 IST">
    <groups>
    </groups>
    <test name="Default test" duration-ms="12867" started-at="2023-01-09T11:00:07 IST" finished-at="2023-01-09T11:00:20 IST">
      <class name="com.spotify.user.GetCurrentUserProfile">
        <test-method status="PASS" signature="createFiles()[pri:0, instance:com.spotify.user.GetCurrentUserProfile@4d6025c5]" name="createFiles" is-config="true" duration-ms="141" started-at="2023-01-09T11:00:07 IST" finished-at="2023-01-09T11:00:07 IST">
          <reporter-output>
          </reporter-output>
        </test-method> <!-- createFiles -->
        <test-method status="PASS" signature="launchApp()[pri:0, instance:com.spotify.user.GetCurrentUserProfile@4d6025c5]" name="launchApp" is-config="true" duration-ms="6" started-at="2023-01-09T11:00:07 IST" finished-at="2023-01-09T11:00:07 IST">
          <reporter-output>
          </reporter-output>
        </test-method> <!-- launchApp -->
        <test-method status="PASS" signature="setExtentReport(java.lang.reflect.Method)[pri:0, instance:com.spotify.user.GetCurrentUserProfile@4d6025c5]" name="setExtentReport" is-config="true" duration-ms="442" started-at="2023-01-09T11:00:07 IST" finished-at="2023-01-09T11:00:08 IST">
          <params>
            <param index="0">
              <value>
                <![CDATA[public void com.spotify.user.GetCurrentUserProfile.test()]]>
              </value>
            </param>
          </params>
          <reporter-output>
          </reporter-output>
        </test-method> <!-- setExtentReport -->
        <test-method status="FAIL" signature="test()[pri:0, instance:com.spotify.user.GetCurrentUserProfile@4d6025c5]" name="test" duration-ms="12346" started-at="2023-01-09T11:00:08 IST" finished-at="2023-01-09T11:00:20 IST">
          <exception class="junit.framework.AssertionFailedError">
            <full-stacktrace>
              <![CDATA[junit.framework.AssertionFailedError
at junit.framework.Assert.fail(Assert.java:48)
at junit.framework.Assert.fail(Assert.java:56)
at com.spotify.utils.ApiActionUtil.schemaValidation(ApiActionUtil.java:637)
at com.spotify.user.GetCurrentUserProfile.test(GetCurrentUserProfile.java:21)
at sun.reflect.NativeMethodAccessorImpl.invoke0(Native Method)
at sun.reflect.NativeMethodAccessorImpl.invoke(NativeMethodAccessorImpl.java:62)
at sun.reflect.DelegatingMethodAccessorImpl.invoke(DelegatingMethodAccessorImpl.java:43)
at java.lang.reflect.Method.invoke(Method.java:498)
at org.testng.internal.MethodInvocationHelper.invokeMethod(MethodInvocationHelper.java:133)
at org.testng.internal.TestInvoker.invokeMethod(TestInvoker.java:598)
at org.testng.internal.TestInvoker.invokeTestMethod(TestInvoker.java:173)
at org.testng.internal.MethodRunner.runInSequence(MethodRunner.java:46)
at org.testng.internal.TestInvoker$MethodInvocationAgent.invoke(TestInvoker.java:824)
at org.testng.internal.TestInvoker.invokeTestMethods(TestInvoker.java:146)
at org.testng.internal.TestMethodWorker.invokeTestMethods(TestMethodWorker.java:146)
at org.testng.internal.TestMethodWorker.run(TestMethodWorker.java:128)
at java.util.ArrayList.forEach(ArrayList.java:1257)
at org.testng.TestRunner.privateRun(TestRunner.java:794)
at org.testng.TestRunner.run(TestRunner.java:596)
at org.testng.SuiteRunner.runTest(SuiteRunner.java:377)
at org.testng.SuiteRunner.runSequentially(SuiteRunner.java:371)
at org.testng.SuiteRunner.privateRun(SuiteRunner.java:332)
at org.testng.SuiteRunner.run(SuiteRunner.java:276)
at org.testng.SuiteRunnerWorker.runSuite(SuiteRunnerWorker.java:53)
at org.testng.SuiteRunnerWorker.run(SuiteRunnerWorker.java:96)
at org.testng.TestNG.runSuitesSequentially(TestNG.java:1212)
at org.testng.TestNG.runSuitesLocally(TestNG.java:1134)
at org.testng.TestNG.runSuites(TestNG.java:1063)
at org.testng.TestNG.run(TestNG.java:1031)
at org.testng.remote.AbstractRemoteTestNG.run(AbstractRemoteTestNG.java:115)
at org.testng.remote.RemoteTestNG.initAndRun(RemoteTestNG.java:251)
at org.testng.remote.RemoteTestNG.main(RemoteTestNG.java:77)
]]>
            </full-stacktrace>
          </exception> <!-- junit.framework.AssertionFailedError -->
          <reporter-output>
          </reporter-output>
        </test-method> <!-- test -->
      </class> <!-- com.spotify.user.GetCurrentUserProfile -->
    </test> <!-- Default test -->
  </suite> <!-- Default suite -->
</testng-results>
